<?xml version="1.0" encoding="utf-8" standalone="no"?>
<!--This file represents the results of running a test suite-->
<test-results name="C:\_projects\visualStudio\ContinuousDelivery\tests\build\tests.dll" total="5" errors="0" failures="0" not-run="0" inconclusive="0" ignored="0" skipped="0" invalid="0" date="2012-02-16" time="09:00:13">
  <environment nunit-version="2.6.0.12035" clr-version="2.0.50727.5446" os-version="Microsoft Windows NT 6.1.7601 Service Pack 1" platform="Win32NT" cwd="C:\_projects\visualStudio\ContinuousDelivery" machine-name="TWUKPC1" user="dstanger" user-domain="CORPORATE" />
  <culture-info current-culture="en-GB" current-uiculture="en-US" />
  <test-suite type="Assembly" name="C:\_projects\visualStudio\ContinuousDelivery\tests\build\tests.dll" executed="True" result="Success" success="True" time="0.114" asserts="0">
    <results>
      <test-suite type="Namespace" name="Tests" executed="True" result="Success" success="True" time="0.095" asserts="0">
        <results>
          <test-suite type="Namespace" name="Controllers" executed="True" result="Success" success="True" time="0.095" asserts="0">
            <results>
              <test-suite type="TestFixture" name="IndexControllerTest" executed="True" result="Success" success="True" time="0.092" asserts="0">
                <results>
                  <test-case name="Tests.Controllers.IndexControllerTest.GivenOneNumberReturnThatNumber" executed="True" result="Success" success="True" time="0.068" asserts="1" />
                  <test-case name="Tests.Controllers.IndexControllerTest.IndexShouldReturnZero" executed="True" result="Success" success="True" time="0.001" asserts="1" />
                  <test-case name="Tests.Controllers.IndexControllerTest.ShouldReturnTheIndexView" executed="True" result="Success" success="True" time="0.001" asserts="1" />
                  <test-case name="Tests.Controllers.IndexControllerTest.ShouldReturnZeroForEmptyString" executed="True" result="Success" success="True" time="0.001" asserts="2" />
                  <test-case name="Tests.Controllers.IndexControllerTest.twoCommaSeparatedNumbersAddUp" executed="True" result="Success" success="True" time="0.001" asserts="1" />
                </results>
              </test-suite>
            </results>
          </test-suite>
        </results>
      </test-suite>
    </results>
  </test-suite>
</test-results>